[1.074s] Invoking command in '/nvme_ros2_ws/src/mcap_merger': PYTHONPATH=/nvme_ros2_ws/src/mcap_merger/build/mcap_merger/prefix_override:/usr/lib/python3/dist-packages/colcon_core/task/python/colcon_distutils_commands:/nvme_ros2_ws/src/mcap_merger/install/mcap_merger/lib/python3.10/site-packages:${PYTHONPATH} /usr/bin/python3 -W ignore:setup.py install is deprecated -W ignore:easy_install command is deprecated setup.py egg_info --egg-base build/mcap_merger build --build-base /nvme_ros2_ws/src/mcap_merger/build/mcap_merger/build install --record /nvme_ros2_ws/src/mcap_merger/build/mcap_merger/install.log --single-version-externally-managed install_data
[1.488s] running egg_info
[1.489s] creating build/mcap_merger/mcap_merger.egg-info
[1.489s] writing build/mcap_merger/mcap_merger.egg-info/PKG-INFO
[1.490s] writing dependency_links to build/mcap_merger/mcap_merger.egg-info/dependency_links.txt
[1.490s] writing entry points to build/mcap_merger/mcap_merger.egg-info/entry_points.txt
[1.490s] writing requirements to build/mcap_merger/mcap_merger.egg-info/requires.txt
[1.490s] writing top-level names to build/mcap_merger/mcap_merger.egg-info/top_level.txt
[1.490s] writing manifest file 'build/mcap_merger/mcap_merger.egg-info/SOURCES.txt'
[1.493s] reading manifest file 'build/mcap_merger/mcap_merger.egg-info/SOURCES.txt'
[1.495s] writing manifest file 'build/mcap_merger/mcap_merger.egg-info/SOURCES.txt'
[1.495s] running build
[1.495s] running build_py
[1.495s] creating /nvme_ros2_ws/src/mcap_merger/build/mcap_merger/build
[1.495s] creating /nvme_ros2_ws/src/mcap_merger/build/mcap_merger/build/lib
[1.496s] creating /nvme_ros2_ws/src/mcap_merger/build/mcap_merger/build/lib/mcap_merger
[1.496s] copying mcap_merger/mcap_merger_node.py -> /nvme_ros2_ws/src/mcap_merger/build/mcap_merger/build/lib/mcap_merger
[1.496s] copying mcap_merger/__init__.py -> /nvme_ros2_ws/src/mcap_merger/build/mcap_merger/build/lib/mcap_merger
[1.496s] running install
[1.497s] running install_lib
[1.498s] creating /nvme_ros2_ws/src/mcap_merger/install/mcap_merger/lib/python3.10/site-packages/mcap_merger
[1.499s] copying /nvme_ros2_ws/src/mcap_merger/build/mcap_merger/build/lib/mcap_merger/mcap_merger_node.py -> /nvme_ros2_ws/src/mcap_merger/install/mcap_merger/lib/python3.10/site-packages/mcap_merger
[1.499s] copying /nvme_ros2_ws/src/mcap_merger/build/mcap_merger/build/lib/mcap_merger/__init__.py -> /nvme_ros2_ws/src/mcap_merger/install/mcap_merger/lib/python3.10/site-packages/mcap_merger
[1.500s] byte-compiling /nvme_ros2_ws/src/mcap_merger/install/mcap_merger/lib/python3.10/site-packages/mcap_merger/mcap_merger_node.py to mcap_merger_node.cpython-310.pyc
[1.501s] byte-compiling /nvme_ros2_ws/src/mcap_merger/install/mcap_merger/lib/python3.10/site-packages/mcap_merger/__init__.py to __init__.cpython-310.pyc
[1.502s] running install_data
[1.502s] creating /nvme_ros2_ws/src/mcap_merger/install/mcap_merger/share/ament_index
[1.502s] creating /nvme_ros2_ws/src/mcap_merger/install/mcap_merger/share/ament_index/resource_index
[1.502s] creating /nvme_ros2_ws/src/mcap_merger/install/mcap_merger/share/ament_index/resource_index/packages
[1.502s] copying resource/mcap_merger -> /nvme_ros2_ws/src/mcap_merger/install/mcap_merger/share/ament_index/resource_index/packages
[1.503s] copying package.xml -> /nvme_ros2_ws/src/mcap_merger/install/mcap_merger/share/mcap_merger
[1.503s] running install_egg_info
[1.506s] Copying build/mcap_merger/mcap_merger.egg-info to /nvme_ros2_ws/src/mcap_merger/install/mcap_merger/lib/python3.10/site-packages/mcap_merger-0.0.0-py3.10.egg-info
[1.508s] running install_scripts
[1.548s] Installing mcap_merger_node script to /nvme_ros2_ws/src/mcap_merger/install/mcap_merger/lib/mcap_merger
[1.548s] writing list of installed files to '/nvme_ros2_ws/src/mcap_merger/build/mcap_merger/install.log'
[1.613s] Invoked command in '/nvme_ros2_ws/src/mcap_merger' returned '0': PYTHONPATH=/nvme_ros2_ws/src/mcap_merger/build/mcap_merger/prefix_override:/usr/lib/python3/dist-packages/colcon_core/task/python/colcon_distutils_commands:/nvme_ros2_ws/src/mcap_merger/install/mcap_merger/lib/python3.10/site-packages:${PYTHONPATH} /usr/bin/python3 -W ignore:setup.py install is deprecated -W ignore:easy_install command is deprecated setup.py egg_info --egg-base build/mcap_merger build --build-base /nvme_ros2_ws/src/mcap_merger/build/mcap_merger/build install --record /nvme_ros2_ws/src/mcap_merger/build/mcap_merger/install.log --single-version-externally-managed install_data
