[0.019s] Invoking command in '/nvme_ros2_ws/src/mcap_merger/build/mcap_merger': /usr/bin/cmake /nvme_ros2_ws/src/mcap_merger -DCATKIN_INSTALL_INTO_PREFIX_ROOT=0 -DCMAKE_INSTALL_PREFIX=/nvme_ros2_ws/src/mcap_merger/install/mcap_merger
[0.366s] -- The C compiler identification is GNU 11.4.0
[0.608s] -- The CXX compiler identification is GNU 11.4.0
[0.635s] -- Detecting C compiler ABI info
[0.792s] -- Detecting C compiler ABI info - done
[0.804s] -- Check for working C compiler: /usr/bin/cc - skipped
[0.805s] -- Detecting C compile features
[0.807s] -- Detecting C compile features - done
[0.814s] -- Detecting CXX compiler ABI info
[0.996s] -- Detecting CXX compiler ABI info - done
[1.011s] -- Check for working CXX compiler: /usr/bin/c++ - skipped
[1.011s] -- Detecting CXX compile features
[1.012s] -- Detecting CXX compile features - done
[1.041s] -- Found ament_cmake: 1.3.11 (/opt/ros/humble/share/ament_cmake/cmake)
[2.018s] -- Found Python3: /opt/conda/bin/python3 (found version "3.13.2") found components: Interpreter 
[2.379s] [31mCMake Error at /opt/ros/humble/share/ament_cmake_python/cmake/ament_python_install_package.cmake:46 (message):
[2.379s]   ament_python_install_package() called with unused arguments:
[2.380s]   /nvme_ros2_ws/src/mcap_merger/mcap_merger
[2.380s] Call Stack (most recent call first):
[2.380s]   /opt/ros/humble/share/ament_cmake_python/cmake/ament_python_install_package.cmake:39 (_ament_cmake_python_install_package)
[2.380s]   CMakeLists.txt:6 (ament_python_install_package)
[2.381s] 
[2.381s] [0m
[2.381s] -- Configuring incomplete, errors occurred!
[2.381s] See also "/nvme_ros2_ws/src/mcap_merger/build/mcap_merger/CMakeFiles/CMakeOutput.log".
[2.395s] Invoked command in '/nvme_ros2_ws/src/mcap_merger/build/mcap_merger' returned '1': /usr/bin/cmake /nvme_ros2_ws/src/mcap_merger -DCATKIN_INSTALL_INTO_PREFIX_ROOT=0 -DCMAKE_INSTALL_PREFIX=/nvme_ros2_ws/src/mcap_merger/install/mcap_merger
